app/build/outputs/logs/manifest-merger-debug-report.txt
-- Merging decision tree log ---
manifest
ADDED from src\main\AndroidManifest.xml:2:1-126:12
	xmlns:android
		ADDED from src\main\AndroidManifest.xml:2:11-69
	package
		ADDED from src\main\AndroidManifest.xml:3:5-42
		INJECTED from src\main\AndroidManifest.xml
		INJECTED from src\main\AndroidManifest.xml
	android:versionName
		INJECTED from src\main\AndroidManifest.xml
		INJECTED from src\main\AndroidManifest.xml
	android:versionCode
		INJECTED from src\main\AndroidManifest.xml
		INJECTED from src\main\AndroidManifest.xml
uses-permission#android.permission.INTERNET
ADDED from src\main\AndroidManifest.xml:5:5-67
	android:name
		ADDED from src\main\AndroidManifest.xml:5:22-64
uses-permission#android.permission.ACCESS_NETWORK_STATE
ADDED from src\main\AndroidManifest.xml:6:5-79
	android:name
		ADDED from src\main\AndroidManifest.xml:6:22-76
uses-permission#android.permission.READ_EXTERNAL_STORAGE
ADDED from src\main\AndroidManifest.xml:7:5-80
	android:name
		ADDED from src\main\AndroidManifest.xml:7:22-77
application
ADDED from src\main\AndroidManifest.xml:9:5-124:19
MERGED from [com.android.support:appcompat-v7:23.1.1] AndroidManifest.xml:22:5-20
MERGED from [com.android.support:support-v4:24.0.0] AndroidManifest.xml:25:5-20
MERGED from [com.android.support:support-v4:24.0.0] AndroidManifest.xml:25:5-20
MERGED from [com.android.support:support-v4:24.0.0] AndroidManifest.xml:25:5-20
MERGED from [com.android.support:cardview-v7:24.0.0] AndroidManifest.xml:22:5-20
MERGED from [com.android.support:palette-v7:24.0.0] AndroidManifest.xml:22:5-23:19
MERGED from [com.android.support:support-v4:24.0.0] AndroidManifest.xml:25:5-20
MERGED from [com.android.support:design:23.1.1] AndroidManifest.xml:22:5-20
MERGED from [com.android.support:appcompat-v7:23.1.1] AndroidManifest.xml:22:5-20
MERGED from [com.android.support:support-v4:24.0.0] AndroidManifest.xml:25:5-20
MERGED from [com.android.support:support-v4:24.0.0] AndroidManifest.xml:25:5-20
MERGED from [com.android.support:support-v4:24.0.0] AndroidManifest.xml:25:5-20
MERGED from [com.miguelcatalan:materialsearchview:1.4.0] AndroidManifest.xml:11:5-20
MERGED from [com.android.support:appcompat-v7:23.1.1] AndroidManifest.xml:22:5-20
MERGED from [com.android.support:support-v4:24.0.0] AndroidManifest.xml:25:5-20
MERGED from [com.android.support:design:23.1.1] AndroidManifest.xml:22:5-20
MERGED from [com.android.support:appcompat-v7:23.1.1] AndroidManifest.xml:22:5-20
MERGED from [com.android.support:support-v4:24.0.0] AndroidManifest.xml:25:5-20
MERGED from [com.android.support:support-v4:24.0.0] AndroidManifest.xml:25:5-20
MERGED from [com.android.support:support-v4:24.0.0] AndroidManifest.xml:25:5-20
	android:label
		ADDED from src\main\AndroidManifest.xml:12:9-41
	android:allowBackup
		ADDED from src\main\AndroidManifest.xml:10:9-35
	android:icon
		ADDED from src\main\AndroidManifest.xml:11:9-43
	android:theme
		ADDED from src\main\AndroidManifest.xml:13:9-40
activity#com.virtucure.practiceforms.loginactivity
ADDED from src\main\AndroidManifest.xml:14:9-17:20
	android:label
		ADDED from src\main\AndroidManifest.xml:16:13-45
	android:name
		ADDED from src\main\AndroidManifest.xml:15:13-42
activity#com.virtucure.practiceforms.SplashScreen
ADDED from src\main\AndroidManifest.xml:18:9-26:20
	android:label
		ADDED from src\main\AndroidManifest.xml:20:13-45
	android:name
		ADDED from src\main\AndroidManifest.xml:19:13-41
intent-filter#android.intent.action.MAIN+android.intent.category.LAUNCHER
ADDED from src\main\AndroidManifest.xml:21:13-25:29
action#android.intent.action.MAIN
ADDED from src\main\AndroidManifest.xml:22:17-69
	android:name
		ADDED from src\main\AndroidManifest.xml:22:25-66
category#android.intent.category.LAUNCHER
ADDED from src\main\AndroidManifest.xml:24:17-77
	android:name
		ADDED from src\main\AndroidManifest.xml:24:27-74
activity#com.virtucure.practiceforms.Home
ADDED from src\main\AndroidManifest.xml:27:9-30:20
	android:label
		ADDED from src\main\AndroidManifest.xml:29:13-56
	android:name
		ADDED from src\main\AndroidManifest.xml:28:13-33
activity#com.virtucure.practiceforms.Registration
ADDED from src\main\AndroidManifest.xml:31:9-35:20
	android:label
		ADDED from src\main\AndroidManifest.xml:33:13-64
	android:name
		ADDED from src\main\AndroidManifest.xml:32:13-41
	android:launchMode
		ADDED from src\main\AndroidManifest.xml:34:13-44
activity#com.virtucure.practiceforms.viewpatients
ADDED from src\main\AndroidManifest.xml:36:9-40:20
	android:label
		ADDED from src\main\AndroidManifest.xml:38:13-64
	android:name
		ADDED from src\main\AndroidManifest.xml:37:13-41
	android:launchMode
		ADDED from src\main\AndroidManifest.xml:39:13-44
activity#com.virtucure.practiceforms.AddForms
ADDED from src\main\AndroidManifest.xml:41:9-45:20
	android:label
		ADDED from src\main\AndroidManifest.xml:43:13-60
	android:name
		ADDED from src\main\AndroidManifest.xml:42:13-37
	android:launchMode
		ADDED from src\main\AndroidManifest.xml:44:13-44
activity#com.virtucure.practiceforms.PatientDetail
ADDED from src\main\AndroidManifest.xml:46:9-50:20
	android:label
		ADDED from src\main\AndroidManifest.xml:48:13-66
	android:name
		ADDED from src\main\AndroidManifest.xml:47:13-42
	android:launchMode
		ADDED from src\main\AndroidManifest.xml:49:13-44
activity#com.virtucure.practiceforms.HealthHistory
ADDED from src\main\AndroidManifest.xml:51:9-54:20
	android:label
		ADDED from src\main\AndroidManifest.xml:53:13-66
	android:name
		ADDED from src\main\AndroidManifest.xml:52:13-42
activity#com.virtucure.practiceforms.GeneralHealthScreening
ADDED from src\main\AndroidManifest.xml:55:9-59:20
	android:label
		ADDED from src\main\AndroidManifest.xml:57:13-76
	android:name
		ADDED from src\main\AndroidManifest.xml:56:13-51
	android:launchMode
		ADDED from src\main\AndroidManifest.xml:58:13-44
activity#com.virtucure.practiceforms.DentalAssessment
ADDED from src\main\AndroidManifest.xml:60:9-64:20
	android:label
		ADDED from src\main\AndroidManifest.xml:62:13-68
	android:name
		ADDED from src\main\AndroidManifest.xml:61:13-45
	android:launchMode
		ADDED from src\main\AndroidManifest.xml:63:13-44
activity#com.virtucure.practiceforms.CaseRecordFormsActivity
ADDED from src\main\AndroidManifest.xml:65:9-69:20
	android:label
		ADDED from src\main\AndroidManifest.xml:67:13-68
	android:name
		ADDED from src\main\AndroidManifest.xml:66:13-52
	android:launchMode
		ADDED from src\main\AndroidManifest.xml:68:13-44
activity#com.virtucure.practiceforms.SchoolHealthcareScreening
ADDED from src\main\AndroidManifest.xml:70:9-74:20
	android:label
		ADDED from src\main\AndroidManifest.xml:72:13-79
	android:name
		ADDED from src\main\AndroidManifest.xml:71:13-54
	android:launchMode
		ADDED from src\main\AndroidManifest.xml:73:13-44
activity#com.virtucure.practiceforms.FormShareActivity
ADDED from src\main\AndroidManifest.xml:75:9-79:20
	android:label
		ADDED from src\main\AndroidManifest.xml:77:13-62
	android:name
		ADDED from src\main\AndroidManifest.xml:76:13-46
	android:launchMode
		ADDED from src\main\AndroidManifest.xml:78:13-44
activity#com.virtucure.practiceforms.ReferredPatientAdministrationsActivity
ADDED from src\main\AndroidManifest.xml:80:9-82:46
	android:label
		ADDED from src\main\AndroidManifest.xml:81:13-75
	android:name
		ADDED from src\main\AndroidManifest.xml:80:19-73
	android:launchMode
		ADDED from src\main\AndroidManifest.xml:82:13-44
activity#com.virtucure.practiceforms.ReferredPatientBranchesActivity
ADDED from src\main\AndroidManifest.xml:83:9-85:46
	android:label
		ADDED from src\main\AndroidManifest.xml:84:13-77
	android:name
		ADDED from src\main\AndroidManifest.xml:83:19-66
	android:launchMode
		ADDED from src\main\AndroidManifest.xml:85:13-44
activity#com.virtucure.practiceforms.ReferredPatientHridsActivity
ADDED from src\main\AndroidManifest.xml:86:9-88:46
	android:label
		ADDED from src\main\AndroidManifest.xml:87:13-74
	android:name
		ADDED from src\main\AndroidManifest.xml:86:19-63
	android:launchMode
		ADDED from src\main\AndroidManifest.xml:88:13-44
activity#com.virtucure.practiceforms.ReferredPatientCaseRecordsActivity
ADDED from src\main\AndroidManifest.xml:89:9-91:46
	android:label
		ADDED from src\main\AndroidManifest.xml:90:13-81
	android:name
		ADDED from src\main\AndroidManifest.xml:89:19-69
	android:launchMode
		ADDED from src\main\AndroidManifest.xml:91:13-44
activity#com.virtucure.practiceforms.ReferredPatientReferredTimeActivity
ADDED from src\main\AndroidManifest.xml:92:9-94:46
	android:label
		ADDED from src\main\AndroidManifest.xml:93:13-80
	android:name
		ADDED from src\main\AndroidManifest.xml:92:19-70
	android:launchMode
		ADDED from src\main\AndroidManifest.xml:94:13-44
activity#com.virtucure.practiceforms.ReferredPatientReferredRecordsActivity
ADDED from src\main\AndroidManifest.xml:95:9-97:46
	android:label
		ADDED from src\main\AndroidManifest.xml:96:13-74
	android:name
		ADDED from src\main\AndroidManifest.xml:95:19-73
	android:launchMode
		ADDED from src\main\AndroidManifest.xml:97:13-44
activity#com.virtucure.practiceforms.SharedRecordDetailsActivity
ADDED from src\main\AndroidManifest.xml:98:9-100:46
	android:label
		ADDED from src\main\AndroidManifest.xml:99:13-65
	android:name
		ADDED from src\main\AndroidManifest.xml:98:19-62
	android:launchMode
		ADDED from src\main\AndroidManifest.xml:100:13-44
activity#com.virtucure.practiceforms.DischargeSheetActivity
ADDED from src\main\AndroidManifest.xml:101:9-103:47
	android:label
		ADDED from src\main\AndroidManifest.xml:102:13-61
	android:name
		ADDED from src\main\AndroidManifest.xml:101:19-57
	android:launchMode
		ADDED from src\main\AndroidManifest.xml:103:13-44
activity#com.virtucure.practiceforms.GeneralExaminationActivity
ADDED from src\main\AndroidManifest.xml:104:9-106:47
	android:label
		ADDED from src\main\AndroidManifest.xml:105:13-60
	android:name
		ADDED from src\main\AndroidManifest.xml:104:19-61
	android:launchMode
		ADDED from src\main\AndroidManifest.xml:106:13-44
activity#com.virtucure.practiceforms.CaseRecordFormsMainActivity
ADDED from src\main\AndroidManifest.xml:107:9-108:46
	android:name
		ADDED from src\main\AndroidManifest.xml:107:19-62
	android:launchMode
		ADDED from src\main\AndroidManifest.xml:108:13-44
activity#com.virtucure.practiceforms.InvestigationBioChemistry
ADDED from src\main\AndroidManifest.xml:109:9-113:20
	android:label
		ADDED from src\main\AndroidManifest.xml:111:13-78
	android:name
		ADDED from src\main\AndroidManifest.xml:110:13-81
	android:launchMode
		ADDED from src\main\AndroidManifest.xml:112:13-44
activity#com.virtucure.practiceforms.InvestigationMicrobiology
ADDED from src\main\AndroidManifest.xml:114:9-118:20
	android:label
		ADDED from src\main\AndroidManifest.xml:116:13-78
	android:name
		ADDED from src\main\AndroidManifest.xml:115:13-81
	android:launchMode
		ADDED from src\main\AndroidManifest.xml:117:13-44
activity#com.virtucure.practiceforms.InvestigationPathology
ADDED from src\main\AndroidManifest.xml:119:9-123:20
	android:label
		ADDED from src\main\AndroidManifest.xml:121:13-75
	android:name
		ADDED from src\main\AndroidManifest.xml:120:13-78
	android:launchMode
		ADDED from src\main\AndroidManifest.xml:122:13-44
uses-sdk
INJECTED from src\main\AndroidManifest.xml reason: use-sdk injection requested
MERGED from [com.android.support:appcompat-v7:23.1.1] AndroidManifest.xml:20:5-43
MERGED from [com.android.support:support-v4:24.0.0] AndroidManifest.xml:21:5-23:54
MERGED from [com.android.support:recyclerview-v7:24.0.0] AndroidManifest.xml:20:5-43
MERGED from [com.android.support:support-v4:24.0.0] AndroidManifest.xml:21:5-23:54
MERGED from [com.github.fondesa:recycler-view-divider:1.0.1] AndroidManifest.xml:6:5-8:41
MERGED from [com.android.support:recyclerview-v7:24.0.0] AndroidManifest.xml:20:5-43
MERGED from [com.android.support:support-v4:24.0.0] AndroidManifest.xml:21:5-23:54
MERGED from [com.android.support:cardview-v7:24.0.0] AndroidManifest.xml:20:5-43
MERGED from [com.android.support:palette-v7:24.0.0] AndroidManifest.xml:20:5-43
MERGED from [com.android.support:support-v4:24.0.0] AndroidManifest.xml:21:5-23:54
MERGED from [com.android.support:design:23.1.1] AndroidManifest.xml:20:5-43
MERGED from [com.android.support:appcompat-v7:23.1.1] AndroidManifest.xml:20:5-43
MERGED from [com.android.support:support-v4:24.0.0] AndroidManifest.xml:21:5-23:54
MERGED from [com.android.support:recyclerview-v7:24.0.0] AndroidManifest.xml:20:5-43
MERGED from [com.android.support:support-v4:24.0.0] AndroidManifest.xml:21:5-23:54
MERGED from [com.android.support:support-v4:24.0.0] AndroidManifest.xml:21:5-23:54
MERGED from [com.miguelcatalan:materialsearchview:1.4.0] AndroidManifest.xml:7:5-9:41
MERGED from [com.android.support:appcompat-v7:23.1.1] AndroidManifest.xml:20:5-43
MERGED from [com.android.support:support-v4:24.0.0] AndroidManifest.xml:21:5-23:54
MERGED from [com.android.support:design:23.1.1] AndroidManifest.xml:20:5-43
MERGED from [com.android.support:appcompat-v7:23.1.1] AndroidManifest.xml:20:5-43
MERGED from [com.android.support:support-v4:24.0.0] AndroidManifest.xml:21:5-23:54
MERGED from [com.android.support:recyclerview-v7:24.0.0] AndroidManifest.xml:20:5-43
MERGED from [com.android.support:support-v4:24.0.0] AndroidManifest.xml:21:5-23:54
MERGED from [com.android.support:support-v4:24.0.0] AndroidManifest.xml:21:5-23:54
	android:targetSdkVersion
		INJECTED from src\main\AndroidManifest.xml
		INJECTED from src\main\AndroidManifest.xml
	android:minSdkVersion
		INJECTED from src\main\AndroidManifest.xml
		INJECTED from src\main\AndroidManifest.xml
	tools:overrideLibrary
		ADDED from [com.android.support:support-v4:24.0.0] AndroidManifest.xml:23:9-51